Build started 5/28/2015 9:41:25 PM.
     1>Project "C:\Users\Grimshaw\Documents\Daniel\Fractal\Fractal\Fractal.vcxproj" on node 2 (Rebuild target(s)).
     1>ClCompile:
         C:\Program Files (x86)\Microsoft Visual Studio 12.0\VC\bin\x86_amd64\CL.exe /c /Zi /nologo /W3 /WX- /sdl /Od /D _CRT_SECURE_NO_WARNINGS /D _MBCS /Gm /EHsc /RTC1 /MDd /GS /fp:precise /Zc:wchar_t /Zc:forScope /Fo"x64\Debug\\" /Fd"x64\Debug\vc120.pdb" /Gd /TP /errorReport:prompt Fractals.cpp util.cpp
         util.cpp
         Fractals.cpp
     1>Fractals.cpp(17): warning C4305: 'initializing' : truncation from 'double' to 'float'
     1>Fractals.cpp(18): warning C4305: 'initializing' : truncation from 'double' to 'float'
     1>Fractals.cpp(20): warning C4305: 'initializing' : truncation from 'double' to 'const float'
     1>Fractals.cpp(115): warning C4244: '=' : conversion from 'double' to 'float', possible loss of data
     1>Fractals.cpp(116): warning C4244: '=' : conversion from 'double' to 'float', possible loss of data
     1>Fractals.cpp(120): warning C4244: '*=' : conversion from 'double' to 'float', possible loss of data
     1>Fractals.cpp(123): warning C4244: '*=' : conversion from 'double' to 'float', possible loss of data
     1>Fractals.cpp(130): warning C4244: 'initializing' : conversion from 'double' to 'float', possible loss of data
     1>Fractals.cpp(131): warning C4244: 'initializing' : conversion from 'double' to 'float', possible loss of data
     1>Fractals.cpp(134): warning C4244: '+=' : conversion from 'double' to 'float', possible loss of data
     1>Fractals.cpp(135): warning C4244: '-=' : conversion from 'double' to 'float', possible loss of data
         Generating Code...
       Link:
         C:\Program Files (x86)\Microsoft Visual Studio 12.0\VC\bin\x86_amd64\link.exe /ERRORREPORT:PROMPT /OUT:"C:\Users\Grimshaw\Documents\Daniel\Fractal\x64\Debug\Fractal.exe" /INCREMENTAL /NOLOGO /LIBPATH:C:\Users\Grimshaw\Documents\Daniel\Fractal\Dependencies\OpenGL\lib opengl32.lib glew32s.lib freeglutd.lib kernel32.lib user32.lib gdi32.lib winspool.lib comdlg32.lib advapi32.lib shell32.lib ole32.lib oleaut32.lib uuid.lib odbc32.lib odbccp32.lib /MANIFEST /MANIFESTUAC:"level='asInvoker' uiAccess='false'" /manifest:embed /DEBUG /PDB:"C:\Users\Grimshaw\Documents\Daniel\Fractal\x64\Debug\Fractal.pdb" /TLBID:1 /DYNAMICBASE /NXCOMPAT /IMPLIB:"C:\Users\Grimshaw\Documents\Daniel\Fractal\x64\Debug\Fractal.lib" /MACHINE:X64 x64\Debug\Fractals.obj
         x64\Debug\util.obj
         freeglutd.lib
     1>LINK : warning LNK4098: defaultlib 'LIBCMT' conflicts with use of other libs; use /NODEFAULTLIB:library
     1>glew32s.lib(glew.obj) : warning LNK4099: PDB 'vc120.pdb' was not found with 'glew32s.lib(glew.obj)' or at 'C:\Users\Grimshaw\Documents\Daniel\Fractal\x64\Debug\vc120.pdb'; linking object as if no debug info
         Fractal.vcxproj -> C:\Users\Grimshaw\Documents\Daniel\Fractal\x64\Debug\Fractal.exe
     1>Done Building Project "C:\Users\Grimshaw\Documents\Daniel\Fractal\Fractal\Fractal.vcxproj" (Rebuild target(s)).

Build succeeded.

Time Elapsed 00:00:01.43
