This file contains any messages produced by compilers while
running configure, to aid debugging if configure makes a mistake.

It was created by Fractal configure 0.4, which was
generated by GNU Autoconf 2.69.  Invocation command line was

  $ ./configure 

## --------- ##
## Platform. ##
## --------- ##

hostname = Daniel-RPi-2
uname -m = armv7l
uname -r = 3.18.11-v7+
uname -s = Linux
uname -v = #781 SMP PREEMPT Tue Apr 21 18:07:59 BST 2015

/usr/bin/uname -p = unknown
/bin/uname -X     = unknown

/bin/arch              = unknown
/usr/bin/arch -k       = unknown
/usr/convex/getsysinfo = unknown
/usr/bin/hostinfo      = unknown
/bin/machine           = unknown
/usr/bin/oslevel       = unknown
/bin/universe          = unknown

PATH: /usr/local/sbin
PATH: /usr/local/bin
PATH: /usr/sbin
PATH: /usr/bin
PATH: /sbin
PATH: /bin
PATH: /usr/local/games
PATH: /usr/games


## ----------- ##
## Core tests. ##
## ----------- ##

configure:1823: checking for a BSD-compatible install
configure:1891: result: /usr/bin/install -c
configure:1902: checking whether build environment is sane
configure:1952: result: yes
configure:2093: checking for a thread-safe mkdir -p
configure:2132: result: /bin/mkdir -p
configure:2145: checking for gawk
configure:2161: found /usr/bin/gawk
configure:2172: result: gawk
configure:2183: checking whether make sets $(MAKE)
configure:2205: result: yes
configure:2438: creating ./config.status

## ---------------------- ##
## Running config.status. ##
## ---------------------- ##

This file was extended by Fractal config.status 0.4, which was
generated by GNU Autoconf 2.69.  Invocation command line was

  CONFIG_FILES    = 
  CONFIG_HEADERS  = 
  CONFIG_LINKS    = 
  CONFIG_COMMANDS = 
  $ ./config.status 

on Daniel-RPi-2

config.status:761: creating Makefile
config.status:761: creating src/Makefile
config.status:761: creating doc/Makefile
config.status:761: creating man/Makefile
config.status:761: creating script/Makefile
configure:3522: checking for g++
configure:3538: found /usr/bin/g++
configure:3549: result: g++
configure:3576: checking for C++ compiler version
configure:3585: g++ --version >&5
g++ (Debian 4.6.3-14+rpi1) 4.6.3
Copyright (C) 2011 Free Software Foundation, Inc.
This is free software; see the source for copying conditions.  There is NO
warranty; not even for MERCHANTABILITY or FITNESS FOR A PARTICULAR PURPOSE.

configure:3596: $? = 0
configure:3585: g++ -v >&5
Using built-in specs.
COLLECT_GCC=g++
COLLECT_LTO_WRAPPER=/usr/lib/gcc/arm-linux-gnueabihf/4.6/lto-wrapper
Target: arm-linux-gnueabihf
Configured with: ../src/configure -v --with-pkgversion='Debian 4.6.3-14+rpi1' --with-bugurl=file:///usr/share/doc/gcc-4.6/README.Bugs --enable-languages=c,c++,fortran,objc,obj-c++ --prefix=/usr --program-suffix=-4.6 --enable-shared --enable-linker-build-id --with-system-zlib --libexecdir=/usr/lib --without-included-gettext --enable-threads=posix --with-gxx-include-dir=/usr/include/c++/4.6 --libdir=/usr/lib --enable-nls --with-sysroot=/ --enable-clocale=gnu --enable-libstdcxx-debug --enable-libstdcxx-time=yes --enable-gnu-unique-object --enable-plugin --enable-objc-gc --disable-sjlj-exceptions --with-arch=armv6 --with-fpu=vfp --with-float=hard --enable-checking=release --build=arm-linux-gnueabihf --host=arm-linux-gnueabihf --target=arm-linux-gnueabihf
Thread model: posix
gcc version 4.6.3 (Debian 4.6.3-14+rpi1) 
configure:3596: $? = 0
configure:3585: g++ -V >&5
g++: error: unrecognized option '-V'
g++: fatal error: no input files
compilation terminated.
configure:3596: $? = 4
configure:3585: g++ -qversion >&5
g++: error: unrecognized option '-qversion'
g++: fatal error: no input files
compilation terminated.
configure:3596: $? = 4
configure:3616: checking whether the C++ compiler works
configure:3638: g++    conftest.cpp  >&5
configure:3642: $? = 0
configure:3690: result: yes
configure:3693: checking for C++ compiler default output file name
configure:3695: result: a.out
configure:3701: checking for suffix of executables
configure:3708: g++ -o conftest    conftest.cpp  >&5
configure:3712: $? = 0
configure:3734: result: 
configure:3756: checking whether we are cross compiling
configure:3764: g++ -o conftest    conftest.cpp  >&5
configure:3768: $? = 0
configure:3775: ./conftest
configure:3779: $? = 0
configure:3794: result: no
configure:3799: checking for suffix of object files
configure:3821: g++ -c   conftest.cpp >&5
configure:3825: $? = 0
configure:3846: result: o
configure:3850: checking whether we are using the GNU C++ compiler
configure:3869: g++ -c   conftest.cpp >&5
configure:3869: $? = 0
configure:3878: result: yes
configure:3887: checking whether g++ accepts -g
configure:3907: g++ -c -g  conftest.cpp >&5
configure:3907: $? = 0
configure:3948: result: yes
configure:3982: checking for style of include used by make
configure:4010: result: GNU
configure:4036: checking dependency style of g++
configure:4147: result: gcc3
configure:4299: creating ./config.status

## ---------------------- ##
## Running config.status. ##
## ---------------------- ##

This file was extended by Fractal config.status 0.4, which was
generated by GNU Autoconf 2.69.  Invocation command line was

  CONFIG_FILES    = 
  CONFIG_HEADERS  = 
  CONFIG_LINKS    = 
  CONFIG_COMMANDS = 
  $ ./config.status 

on Daniel-RPi-2

config.status:839: creating Makefile
config.status:839: creating src/Makefile
config.status:839: creating doc/Makefile
config.status:839: creating man/Makefile
config.status:839: creating script/Makefile
config.status:839: creating config.h
config.status:1020: config.h is unchanged
config.status:1068: executing depfiles commands

## ---------------- ##
## Cache variables. ##
## ---------------- ##

ac_cv_cxx_compiler_gnu=yes
ac_cv_env_CCC_set=
ac_cv_env_CCC_value=
ac_cv_env_CPPFLAGS_set=
ac_cv_env_CPPFLAGS_value=
ac_cv_env_CXXFLAGS_set=
ac_cv_env_CXXFLAGS_value=
ac_cv_env_CXX_set=
ac_cv_env_CXX_value=
ac_cv_env_LDFLAGS_set=
ac_cv_env_LDFLAGS_value=
ac_cv_env_LIBS_set=
ac_cv_env_LIBS_value=
ac_cv_env_build_alias_set=
ac_cv_env_build_alias_value=
ac_cv_env_host_alias_set=
ac_cv_env_host_alias_value=
ac_cv_env_target_alias_set=
ac_cv_env_target_alias_value=
ac_cv_objext=o
ac_cv_path_install='/usr/bin/install -c'
ac_cv_path_mkdir=/bin/mkdir
ac_cv_prog_AWK=gawk
ac_cv_prog_ac_ct_CXX=g++
ac_cv_prog_cxx_g=yes
ac_cv_prog_make_make_set=yes
am_cv_CXX_dependencies_compiler_type=gcc3

## ----------------- ##
## Output variables. ##
## ----------------- ##

ACLOCAL='${SHELL} /home/pi/Fractal/linux/missing --run aclocal-1.11'
AMDEPBACKSLASH='\'
AMDEP_FALSE='#'
AMDEP_TRUE=''
AMTAR='$${TAR-tar}'
AUTOCONF='${SHELL} /home/pi/Fractal/linux/missing --run autoconf'
AUTOHEADER='${SHELL} /home/pi/Fractal/linux/missing --run autoheader'
AUTOMAKE='${SHELL} /home/pi/Fractal/linux/missing --run automake-1.11'
AWK='gawk'
CPPFLAGS=''
CXX='g++'
CXXDEPMODE='depmode=gcc3'
CXXFLAGS='-g -O2'
CYGPATH_W='echo'
DEFS='-DHAVE_CONFIG_H'
DEPDIR='.deps'
ECHO_C=''
ECHO_N='-n'
ECHO_T=''
EXEEXT=''
INSTALL_DATA='${INSTALL} -m 644'
INSTALL_PROGRAM='${INSTALL}'
INSTALL_SCRIPT='${INSTALL}'
INSTALL_STRIP_PROGRAM='$(install_sh) -c -s'
LDFLAGS=''
LIBOBJS=''
LIBS=''
LTLIBOBJS=''
MAKEINFO='${SHELL} /home/pi/Fractal/linux/missing --run makeinfo'
MKDIR_P='/bin/mkdir -p'
OBJEXT='o'
PACKAGE='Fractal'
PACKAGE_BUGREPORT='danielgrimshaw42@gmail.com'
PACKAGE_NAME='Fractal'
PACKAGE_STRING='Fractal 0.4'
PACKAGE_TARNAME='fractal'
PACKAGE_URL=''
PACKAGE_VERSION='0.4'
PATH_SEPARATOR=':'
SET_MAKE=''
SHELL='/bin/bash'
STRIP=''
VERSION='0.4'
ac_ct_CXX='g++'
am__EXEEXT_FALSE=''
am__EXEEXT_TRUE='#'
am__fastdepCXX_FALSE='#'
am__fastdepCXX_TRUE=''
am__include='include'
am__isrc=''
am__leading_dot='.'
am__nodep='_no'
am__quote=''
am__tar='$${TAR-tar} chof - "$$tardir"'
am__untar='$${TAR-tar} xf -'
bindir='${exec_prefix}/bin'
build_alias=''
datadir='${datarootdir}'
datarootdir='${prefix}/share'
docdir='${datarootdir}/doc/${PACKAGE_TARNAME}'
dvidir='${docdir}'
exec_prefix='${prefix}'
host_alias=''
htmldir='${docdir}'
includedir='${prefix}/include'
infodir='${datarootdir}/info'
install_sh='${SHELL} /home/pi/Fractal/linux/install-sh'
libdir='${exec_prefix}/lib'
libexecdir='${exec_prefix}/libexec'
localedir='${datarootdir}/locale'
localstatedir='${prefix}/var'
mandir='${datarootdir}/man'
mkdir_p='/bin/mkdir -p'
oldincludedir='/usr/include'
pdfdir='${docdir}'
prefix='/usr/local'
program_transform_name='s,x,x,'
psdir='${docdir}'
sbindir='${exec_prefix}/sbin'
sharedstatedir='${prefix}/com'
sysconfdir='${prefix}/etc'
target_alias=''

## ----------- ##
## confdefs.h. ##
## ----------- ##

/* confdefs.h */
#define PACKAGE_NAME "Fractal"
#define PACKAGE_TARNAME "fractal"
#define PACKAGE_VERSION "0.4"
#define PACKAGE_STRING "Fractal 0.4"
#define PACKAGE_BUGREPORT "danielgrimshaw42@gmail.com"
#define PACKAGE_URL ""
#define PACKAGE "Fractal"
#define VERSION "0.4"

configure: exit 0
